info:  Game: BveTs.exe
info:  DXVK: v2.6.1
info:  Build: x86_64 gcc 14.2.0
info:  Vulkan: Found vkGetInstanceProcAddr in vulkan-1.dll @ 0x7ffebf9eeb80
info:  Built-in extension providers:
info:    Platform WSI
info:    OpenVR
info:    OpenXR
info:  OpenVR: could not open registry key, status 2
info:  OpenVR: Failed to locate module
info:  Enabled instance extensions:
info:    VK_KHR_get_surface_capabilities2
info:    VK_KHR_surface
info:    VK_KHR_win32_surface
warn:  Skipping Vulkan 1.2 adapter: Microsoft Direct3D12 (Intel(R) Iris(R) Xe Graphics)
warn:  Skipping Vulkan 1.2 adapter: Microsoft Direct3D12 (Microsoft Basic Render Driver)
info:  D3D9: VK_FORMAT_D16_UNORM_S8_UINT -> VK_FORMAT_D24_UNORM_S8_UINT
info:  Intel(R) Iris(R) Xe Graphics:
info:    Driver : Intel Corporation 101.6737.0
info:    Memory Heap[0]: 
info:      Size: 8042 MiB
info:      Flags: 0x1
info:      Memory Type[0]: Property Flags = 0x1
info:      Memory Type[1]: Property Flags = 0x7
info:      Memory Type[2]: Property Flags = 0xf
info:  Process set as DPI aware
info:  Device properties:
info:    Device : Intel(R) Iris(R) Xe Graphics
info:    Driver : Intel Corporation 101.6737.0
info:  Enabled device extensions:
info:    VK_EXT_attachment_feedback_loop_layout
info:    VK_EXT_conservative_rasterization
info:    VK_EXT_custom_border_color
info:    VK_EXT_depth_clip_enable
info:    VK_EXT_extended_dynamic_state3
info:    VK_EXT_fragment_shader_interlock
info:    VK_EXT_full_screen_exclusive
info:    VK_EXT_graphics_pipeline_library
info:    VK_EXT_hdr_metadata
info:    VK_EXT_line_rasterization
info:    VK_EXT_memory_priority
info:    VK_EXT_multi_draw
info:    VK_EXT_non_seamless_cube_map
info:    VK_EXT_pageable_device_local_memory
info:    VK_EXT_robustness2
info:    VK_EXT_shader_module_identifier
info:    VK_EXT_shader_stencil_export
info:    VK_EXT_transform_feedback
info:    VK_EXT_vertex_attribute_divisor
info:    VK_KHR_external_memory_win32
info:    VK_KHR_external_semaphore_win32
info:    VK_KHR_load_store_op_none
info:    VK_KHR_maintenance5
info:    VK_KHR_maintenance7
info:    VK_KHR_pipeline_library
info:    VK_KHR_swapchain
info:    VK_KHR_swapchain_mutable_format
info:    VK_KHR_win32_keyed_mutex
info:  Device features:
info:    robustBufferAccess                     : 1
info:    fullDrawIndexUint32                    : 1
info:    imageCubeArray                         : 1
info:    independentBlend                       : 1
info:    geometryShader                         : 1
info:    tessellationShader                     : 0
info:    sampleRateShading                      : 1
info:    dualSrcBlend                           : 0
info:    logicOp                                : 0
info:    multiDrawIndirect                      : 1
info:    drawIndirectFirstInstance              : 0
info:    depthClamp                             : 1
info:    depthBiasClamp                         : 1
info:    fillModeNonSolid                       : 1
info:    depthBounds                            : 1
info:    wideLines                              : 0
info:    multiViewport                          : 1
info:    samplerAnisotropy                      : 1
info:    textureCompressionBC                   : 1
info:    occlusionQueryPrecise                  : 1
info:    pipelineStatisticsQuery                : 1
info:    vertexPipelineStoresAndAtomics         : 1
info:    fragmentStoresAndAtomics               : 0
info:    shaderImageGatherExtended              : 0
info:    shaderClipDistance                     : 1
info:    shaderCullDistance                     : 1
info:    shaderFloat64                          : 0
info:    shaderInt64                            : 0
info:    variableMultisampleRate                : 1
info:    shaderResourceResidency                : 0
info:    shaderResourceMinLod                   : 0
info:    sparseBinding                          : 0
info:    sparseResidencyBuffer                  : 0
info:    sparseResidencyImage2D                 : 0
info:    sparseResidencyImage3D                 : 0
info:    sparseResidency2Samples                : 0
info:    sparseResidency4Samples                : 0
info:    sparseResidency8Samples                : 0
info:    sparseResidency16Samples               : 0
info:    sparseResidencyAliased                 : 0
info:  Vulkan 1.1
info:    shaderDrawParameters                   : 1
info:  Vulkan 1.2
info:    samplerMirrorClampToEdge               : 1
info:    drawIndirectCount                      : 1
info:    samplerFilterMinmax                    : 0
info:    hostQueryReset                         : 1
info:    timelineSemaphore                      : 1
info:    bufferDeviceAddress                    : 0
info:    shaderOutputViewportIndex              : 1
info:    shaderOutputLayer                      : 1
info:    vulkanMemoryModel                      : 1
info:  Vulkan 1.3
info:    robustImageAccess                      : 0
info:    pipelineCreationCacheControl           : 1
info:    shaderDemoteToHelperInvocation         : 1
info:    shaderZeroInitializeWorkgroupMemory    : 0
info:    synchronization2                       : 1
info:    dynamicRendering                       : 1
info:  VK_AMD_shader_fragment_mask
info:    extension supported                    : 0
info:  VK_EXT_attachment_feedback_loop_layout
info:    attachmentFeedbackLoopLayout           : 1
info:  VK_EXT_conservative_rasterization
info:    extension supported                    : 1
info:  VK_EXT_custom_border_color
info:    customBorderColors                     : 1
info:    customBorderColorWithoutFormat         : 1
info:  VK_EXT_depth_clip_enable
info:    depthClipEnable                        : 1
info:  VK_EXT_depth_bias_control
info:    depthBiasControl                       : 0
info:    leastRepresentableValueForceUnormRepresentation : 0
info:    floatRepresentation                    : 0
info:    depthBiasExact                         : 0
info:  VK_EXT_extended_dynamic_state3
info:    extDynamicState3AlphaToCoverageEnable  : 1
info:    extDynamicState3DepthClipEnable        : 1
info:    extDynamicState3RasterizationSamples   : 1
info:    extDynamicState3SampleMask             : 1
info:    extDynamicState3LineRasterizationMode  : 1
info:  VK_EXT_fragment_shader_interlock
info:    fragmentShaderSampleInterlock          : 0
info:    fragmentShaderPixelInterlock           : 0
info:  VK_EXT_full_screen_exclusive
info:    extension supported                    : 1
info:  VK_EXT_graphics_pipeline_library
info:    graphicsPipelineLibrary                : 1
info:  VK_EXT_line_rasterization
info:    rectangularLines                       : 0
info:    smoothLines                            : 0
info:  VK_EXT_memory_budget
info:    extension supported                    : 1
info:  VK_EXT_memory_priority
info:    memoryPriority                         : 1
info:  VK_EXT_multi_draw
info:    multiDraw                              : 1
info:  VK_EXT_non_seamless_cube_map
info:    nonSeamlessCubeMap                     : 1
info:  VK_EXT_pageable_device_local_memory
info:    pageableDeviceLocalMemory              : 1
info:  VK_EXT_robustness2
info:    robustBufferAccess2                    : 1
info:    robustImageAccess2                     : 1
info:    nullDescriptor                         : 1
info:  VK_EXT_shader_module_identifier
info:    shaderModuleIdentifier                 : 1
info:  VK_EXT_shader_stencil_export
info:    extension supported                    : 1
info:  VK_EXT_swapchain_colorspace
info:    extension supported                    : 0
info:  VK_EXT_swapchain_maintenance1
info:    swapchainMaintenance1                  : 0
info:  VK_EXT_hdr_metadata
info:    extension supported                    : 1
info:  VK_EXT_transform_feedback
info:    transformFeedback                      : 0
info:    geometryStreams                        : 0
info:  VK_EXT_vertex_attribute_divisor
info:    vertexAttributeInstanceRateDivisor     : 1
info:    vertexAttributeInstanceRateZeroDivisor : 1
info:  VK_KHR_external_memory_win32
info:    extension supported                    : 1
info:  VK_KHR_external_semaphore_win32
info:    extension supported                    : 1
